<?xml version="1.0" encoding="UTF-8"?>
<!-- Generated by org.testng.reporters.JUnitReportReporter -->
<testsuite skipped="0" hostname="LYNDON-PC" name="com.idomine.testng.TestNGTest01" tests="2" failures="0" timestamp="01 out 2018 18:32:30 GMT" time="0.005" errors="0">
  <testcase name="f" time="0.004" classname="com.idomine.testng.TestNGTest01"/>
  <testcase name="f" time="0.001" classname="com.idomine.testng.TestNGTest01"/>
</testsuite> <!-- com.idomine.testng.TestNGTest01 -->
