<?xml version="1.0" encoding="UTF-8"?>
<!-- Generated by org.testng.reporters.JUnitReportReporter -->
<testsuite skipped="0" hostname="LYNDON-PC" name="com.idomine.testng.TestNGTest02" tests="6" failures="0" timestamp="01 out 2018 18:34:46 GMT" time="0.010" errors="0">
  <testcase name="test_subtract" time="0.001" classname="com.idomine.testng.TestNGTest02"/>
  <testcase name="test_setName" time="0.001" classname="com.idomine.testng.TestNGTest02"/>
  <testcase name="test_subtract" time="0.001" classname="com.idomine.testng.TestNGTest02"/>
  <testcase name="test_add" time="0.000" classname="com.idomine.testng.TestNGTest02"/>
  <testcase name="test_setName" time="0.000" classname="com.idomine.testng.TestNGTest02"/>
  <testcase name="test_add" time="0.007" classname="com.idomine.testng.TestNGTest02"/>
</testsuite> <!-- com.idomine.testng.TestNGTest02 -->
